Using pre-set license
Built from '2020.3/release' branch; Version is '2020.3.7f1 (dd97f2c94397) revision 14522354'; Using compiler version '192528614'; Build Type 'Release'
OS: 'Windows 10 Pro; OS build 19045.2965; Version 2009; 64bit' Language: 'pt' Physical Memory: 8126 MB
BatchMode: 1, IsHumanControllingUs: 0, StartBugReporterOnCrash: 0, Is64bit: 1, IsPro: 0

 COMMAND LINE ARGUMENTS:
C:\Program Files\Unity\Hub\Editor\2020.3.7f1\Editor\Unity.exe
-adb2
-batchMode
-noUpm
-name
AssetImportWorker0
-projectPath
C:/Users/Midlertidig Konto/Desktop/Teoria1/Teoria1
-logFile
Logs/AssetImportWorker0.log
-srvPort
58055
Successfully changed project path to: C:/Users/Midlertidig Konto/Desktop/Teoria1/Teoria1
C:/Users/Midlertidig Konto/Desktop/Teoria1/Teoria1
Using Asset Import Pipeline V2.
Refreshing native plugins compatible for Editor in 58.60 ms, found 4 plugins.
Preloading 0 native plugins for Editor in 0.00 ms.
Initialize engine version: 2020.3.7f1 (dd97f2c94397)
[Subsystems] Discovering subsystems at path C:/Program Files/Unity/Hub/Editor/2020.3.7f1/Editor/Data/Resources/UnitySubsystems
[Subsystems] Discovering subsystems at path C:/Users/Midlertidig Konto/Desktop/Teoria1/Teoria1/Assets
GfxDevice: creating device client; threaded=0
Direct3D:
    Version:  Direct3D 11.0 [level 11.1]
    Renderer: NVIDIA GeForce GTX 1060 6GB (ID=0x1c03)
    Vendor:   
    VRAM:     6043 MB
    Driver:   31.0.15.3179
Initialize mono
Mono path[0] = 'C:/Program Files/Unity/Hub/Editor/2020.3.7f1/Editor/Data/Managed'
Mono path[1] = 'C:/Program Files/Unity/Hub/Editor/2020.3.7f1/Editor/Data/MonoBleedingEdge/lib/mono/unityjit'
Mono config path = 'C:/Program Files/Unity/Hub/Editor/2020.3.7f1/Editor/Data/MonoBleedingEdge/etc'
Using monoOptions --debugger-agent=transport=dt_socket,embedding=1,server=y,suspend=n,address=127.0.0.1:56188
Begin MonoManager ReloadAssembly
Registering precompiled unity dll's ...
Register platform support module: C:/Program Files/Unity/Hub/Editor/2020.3.7f1/Editor/Data/PlaybackEngines/WindowsStandaloneSupport/UnityEditor.WindowsStandalone.Extensions.dll
Registered in 0.001963 seconds.
Native extension for WindowsStandalone target not found
Refreshing native plugins compatible for Editor in 39.19 ms, found 4 plugins.
Preloading 0 native plugins for Editor in 0.00 ms.
Mono: successfully reloaded assembly
- Completed reload, in  0.927 seconds
Platform modules already initialized, skipping
Registering precompiled user dll's ...
Registered in 0.001873 seconds.
Begin MonoManager ReloadAssembly
Native extension for WindowsStandalone target not found
Refreshing native plugins compatible for Editor in 36.55 ms, found 4 plugins.
Preloading 0 native plugins for Editor in 0.00 ms.
Mono: successfully reloaded assembly
- Completed reload, in  0.790 seconds
Platform modules already initialized, skipping
========================================================================
Worker process is ready to serve import requests
Launched and connected shader compiler UnityShaderCompiler.exe after 0.04 seconds
Refreshing native plugins compatible for Editor in 0.37 ms, found 4 plugins.
Preloading 0 native plugins for Editor in 0.00 ms.
Unloading 1988 Unused Serialized files (Serialized files now loaded: 0)
System memory in use before: 90.9 MB.
System memory in use after: 90.9 MB.

Unloading 31 unused Assets to reduce memory usage. Loaded Objects now: 2424.
Total: 1.961200 ms (FindLiveObjects: 0.171800 ms CreateObjectMapping: 0.147400 ms MarkObjects: 1.515500 ms  DeleteObjects: 0.125700 ms)

========================================================================
Received Import Request.
  path: Assets/Pixel Adventure 1/Assets/Main Characters/Ninja Frog/New Animation.anim
  artifactKey: Guid(9891cc83398a52342b2330f3a06b4831) Importer(815301076,1909f56bfc062723c751e8b465ee728b)
Start importing Assets/Pixel Adventure 1/Assets/Main Characters/Ninja Frog/New Animation.anim using Guid(9891cc83398a52342b2330f3a06b4831) Importer(815301076,1909f56bfc062723c751e8b465ee728b)  -> (artifact id: 'c79e9a0350ea2be288001a6760d7decf') in 0.028187 seconds
  Import took 0.030695 seconds .

========================================================================
Received Import Request.
  Time since last request: 7.817684 seconds.
  path: Assets/Pixel Adventure 1/Assets/Main Characters/Ninja Frog/Player Running.anim
  artifactKey: Guid(9891cc83398a52342b2330f3a06b4831) Importer(815301076,1909f56bfc062723c751e8b465ee728b)
Start importing Assets/Pixel Adventure 1/Assets/Main Characters/Ninja Frog/Player Running.anim using Guid(9891cc83398a52342b2330f3a06b4831) Importer(815301076,1909f56bfc062723c751e8b465ee728b)  -> (artifact id: 'cdb894e989bbf1ccf9d055dd87e87809') in 0.008379 seconds
  Import took 0.011284 seconds .

========================================================================
Received Import Request.
  Time since last request: 0.038394 seconds.
  path: Assets/Pixel Adventure 1/Assets/Main Characters/Ninja Frog/Player.controller
  artifactKey: Guid(50df709187076d3429c614d38fdf1222) Importer(815301076,1909f56bfc062723c751e8b465ee728b)
Start importing Assets/Pixel Adventure 1/Assets/Main Characters/Ninja Frog/Player.controller using Guid(50df709187076d3429c614d38fdf1222) Importer(815301076,1909f56bfc062723c751e8b465ee728b)  -> (artifact id: '819b273501c92fce2e552407a951f7b7') in 0.006496 seconds
  Import took 0.009347 seconds .

========================================================================
Received Import Request.
  Time since last request: 27.382113 seconds.
  path: Assets/Pixel Adventure 1/Assets/Main Characters/Ninja Frog/Run (32x32).png
  artifactKey: Guid(e362bc6a7c79fce4db16d145d43a5550) Importer(815301076,1909f56bfc062723c751e8b465ee728b)
Start importing Assets/Pixel Adventure 1/Assets/Main Characters/Ninja Frog/Run (32x32).png using Guid(e362bc6a7c79fce4db16d145d43a5550) Importer(815301076,1909f56bfc062723c751e8b465ee728b)  -> (artifact id: 'd3a6727a33fe8ba3682ef7ca890b5952') in 0.071819 seconds
  Import took 0.074652 seconds .

========================================================================
Received Import Request.
  Time since last request: 39.948169 seconds.
  path: Assets/Pixel Adventure 1/Assets/Main Characters/Ninja Frog/Run (32x32).png
  artifactKey: Guid(e362bc6a7c79fce4db16d145d43a5550) Importer(815301076,1909f56bfc062723c751e8b465ee728b)
Start importing Assets/Pixel Adventure 1/Assets/Main Characters/Ninja Frog/Run (32x32).png using Guid(e362bc6a7c79fce4db16d145d43a5550) Importer(815301076,1909f56bfc062723c751e8b465ee728b)  -> (artifact id: '2e6c5785fc48fe76581db45912279aa4') in 0.022725 seconds
  Import took 0.025350 seconds .

========================================================================
Received Import Request.
  Time since last request: 9112.591370 seconds.
  path: Assets/Pixel Adventure 1/Assets/Main Characters/Ninja Frog/Player.controller
  artifactKey: Guid(50df709187076d3429c614d38fdf1222) Importer(815301076,1909f56bfc062723c751e8b465ee728b)
Start importing Assets/Pixel Adventure 1/Assets/Main Characters/Ninja Frog/Player.controller using Guid(50df709187076d3429c614d38fdf1222) Importer(815301076,1909f56bfc062723c751e8b465ee728b)  -> (artifact id: '426c69844cfadb87f2453caa4d3d7d5d') in 0.015034 seconds
  Import took 0.022344 seconds .

========================================================================
Received Import Request.
  Time since last request: 111.940056 seconds.
  path: Assets/Pixel Adventure 1/Assets/Main Characters/Ninja Frog/Player Running.anim
  artifactKey: Guid(9891cc83398a52342b2330f3a06b4831) Importer(815301076,1909f56bfc062723c751e8b465ee728b)
Start importing Assets/Pixel Adventure 1/Assets/Main Characters/Ninja Frog/Player Running.anim using Guid(9891cc83398a52342b2330f3a06b4831) Importer(815301076,1909f56bfc062723c751e8b465ee728b)  -> (artifact id: '2d9f6476d445d82624c23fc1fbea65b1') in 0.007774 seconds
  Import took 0.010992 seconds .

========================================================================
Received Import Request.
  Time since last request: 0.001453 seconds.
  path: Assets/Pixel Adventure 1/Assets/Main Characters/Ninja Frog/Player Running.anim
  artifactKey: Guid(9891cc83398a52342b2330f3a06b4831) Importer(815301076,1909f56bfc062723c751e8b465ee728b)
Start importing Assets/Pixel Adventure 1/Assets/Main Characters/Ninja Frog/Player Running.anim using Guid(9891cc83398a52342b2330f3a06b4831) Importer(815301076,1909f56bfc062723c751e8b465ee728b)  -> (artifact id: '2d9f6476d445d82624c23fc1fbea65b1') in 0.002778 seconds
  Import took 0.005877 seconds .

========================================================================
Received Prepare
Registering precompiled user dll's ...
Registered in 0.007293 seconds.
Begin MonoManager ReloadAssembly
Native extension for WindowsStandalone target not found
Refreshing native plugins compatible for Editor in 0.44 ms, found 4 plugins.
Preloading 0 native plugins for Editor in 0.00 ms.
Mono: successfully reloaded assembly
- Completed reload, in  0.814 seconds
Platform modules already initialized, skipping
Refreshing native plugins compatible for Editor in 0.42 ms, found 4 plugins.
Preloading 0 native plugins for Editor in 0.00 ms.
Unloading 1976 Unused Serialized files (Serialized files now loaded: 0)
System memory in use before: 93.3 MB.
System memory in use after: 93.3 MB.

Unloading 19 unused Assets to reduce memory usage. Loaded Objects now: 2435.
Total: 3.578000 ms (FindLiveObjects: 0.535500 ms CreateObjectMapping: 0.139100 ms MarkObjects: 2.807700 ms  DeleteObjects: 0.094500 ms)

========================================================================
Received Prepare
Registering precompiled user dll's ...
Registered in 0.002140 seconds.
Begin MonoManager ReloadAssembly
Native extension for WindowsStandalone target not found
Refreshing native plugins compatible for Editor in 0.38 ms, found 4 plugins.
Preloading 0 native plugins for Editor in 0.00 ms.
Mono: successfully reloaded assembly
- Completed reload, in  0.802 seconds
Platform modules already initialized, skipping
Refreshing native plugins compatible for Editor in 0.43 ms, found 4 plugins.
Preloading 0 native plugins for Editor in 0.00 ms.
Unloading 1976 Unused Serialized files (Serialized files now loaded: 0)
System memory in use before: 93.3 MB.
System memory in use after: 93.4 MB.

Unloading 19 unused Assets to reduce memory usage. Loaded Objects now: 2439.
Total: 1.796900 ms (FindLiveObjects: 0.153000 ms CreateObjectMapping: 0.057500 ms MarkObjects: 1.500200 ms  DeleteObjects: 0.069600 ms)

========================================================================
Received Prepare
Registering precompiled user dll's ...
Registered in 0.002302 seconds.
Begin MonoManager ReloadAssembly
Native extension for WindowsStandalone target not found
Refreshing native plugins compatible for Editor in 0.36 ms, found 4 plugins.
Preloading 0 native plugins for Editor in 0.00 ms.
Mono: successfully reloaded assembly
- Completed reload, in  0.738 seconds
Platform modules already initialized, skipping
Refreshing native plugins compatible for Editor in 0.37 ms, found 4 plugins.
Preloading 0 native plugins for Editor in 0.00 ms.
Unloading 1976 Unused Serialized files (Serialized files now loaded: 0)
System memory in use before: 93.3 MB.
System memory in use after: 93.4 MB.

Unloading 19 unused Assets to reduce memory usage. Loaded Objects now: 2443.
Total: 1.885600 ms (FindLiveObjects: 0.187100 ms CreateObjectMapping: 0.057900 ms MarkObjects: 1.537100 ms  DeleteObjects: 0.102600 ms)

AssetImportWorkerClient::OnTransportError - code=2 error=End of file
